\BOOKMARK [0][]{titlepage.0}{\376\377\142\111\230\165}{}% 1
\BOOKMARK [0][]{abstract.0}{\376\377\144\130\211\201}{}% 2
\BOOKMARK [0][]{toc.0}{\376\377\166\356\137\125}{}% 3
\BOOKMARK [0][]{lof.0}{\376\377\143\322\126\376\175\042\137\025}{}% 4
\BOOKMARK [0][]{lot.0}{\376\377\210\150\150\074\175\042\137\025}{}% 5
\BOOKMARK [0][]{chapter.1}{\376\377\173\054\116\000\172\340\000\040\176\352\213\272}{}% 6
\BOOKMARK [1][-]{section.1.1}{\376\377\0001\000.\0001\000\040\170\024\172\166\200\314\146\157\123\312\141\017\116\111}{chapter.1}% 7
\BOOKMARK [1][-]{section.1.2}{\376\377\0001\000.\0002\000\040\126\375\121\205\131\026\170\024\172\166\163\260\162\266}{chapter.1}% 8
\BOOKMARK [1][-]{section.1.3}{\376\377\0001\000.\0003\000\040\170\024\172\166\225\356\230\230\116\016\121\205\133\271}{chapter.1}% 9
\BOOKMARK [0][]{chapter.2}{\376\377\173\054\116\214\172\340\000\040\143\250\203\120\174\373\176\337\116\016\123\117\124\014\217\307\156\344\173\227\154\325\173\200\116\313}{}% 10
\BOOKMARK [1][-]{section.2.1}{\376\377\0002\000.\0001\000\040\143\250\203\120\174\373\176\337\166\204\127\372\147\054\176\304\142\020}{chapter.2}% 11
\BOOKMARK [1][-]{section.2.2}{\376\377\0002\000.\0002\000\040\143\250\203\120\173\227\154\325\166\204\122\006\174\173}{chapter.2}% 12
\BOOKMARK [2][-]{subsection.2.2.1}{\376\377\0002\000.\0002\000.\0001\000\040\127\372\116\216\121\205\133\271\166\204\143\250\203\120}{section.2.2}% 13
\BOOKMARK [2][-]{subsection.2.2.2}{\376\377\0002\000.\0002\000.\0002\000\040\127\372\116\216\211\304\122\031\166\204\143\250\203\120}{section.2.2}% 14
\BOOKMARK [2][-]{subsection.2.2.3}{\376\377\0002\000.\0002\000.\0003\000\040\123\117\124\014\217\307\156\344\166\204\143\250\203\120}{section.2.2}% 15
\BOOKMARK [2][-]{subsection.2.2.4}{\376\377\0002\000.\0002\000.\0004\000\040\155\367\124\010\143\250\203\120}{section.2.2}% 16
\BOOKMARK [1][-]{section.2.3}{\376\377\0002\000.\0003\000\040\143\250\203\120\174\373\176\337\166\204\213\304\116\367\143\007\150\007}{chapter.2}% 17
\BOOKMARK [0][]{chapter.3}{\376\377\173\054\116\011\172\340\000\040\145\160\143\156\121\306\131\007\116\016\133\236\232\214\213\276\213\241}{}% 18
\BOOKMARK [1][-]{section.3.1}{\376\377\0003\000.\0001\000\040\145\160\143\156\226\306\166\204\173\200\116\313\116\016\156\005\164\006}{chapter.3}% 19
\BOOKMARK [1][-]{section.3.2}{\376\377\0003\000.\0002\000\040\213\255\176\303\226\306\124\214\155\113\213\325\226\306\122\022\122\006}{chapter.3}% 20
\BOOKMARK [1][-]{section.3.3}{\376\377\0003\000.\0003\000\040\153\143\215\037\150\067\147\054\147\204\220\040}{chapter.3}% 21
\BOOKMARK [1][-]{section.3.4}{\376\377\0003\000.\0004\000\040\165\050\142\067\116\016\162\151\124\301\165\073\120\317\210\150\213\276\213\241}{chapter.3}% 22
\BOOKMARK [1][-]{section.3.5}{\376\377\0003\000.\0005\000\040\133\236\232\214\213\276\213\241}{chapter.3}% 23
\BOOKMARK [0][]{chapter.4}{\376\377\173\054\126\333\172\340\000\040\133\236\232\214\122\006\147\220}{}% 24
\BOOKMARK [1][-]{section.4.1}{\376\377\0004\000.\0001\000\040\127\372\147\054\133\236\232\214\176\323\147\234}{chapter.4}% 25
\BOOKMARK [2][-]{subsection.4.1.1}{\376\377\0004\000.\0001\000.\0001\000\040\126\333\171\315\123\354\126\336\173\227\154\325}{section.4.1}% 26
\BOOKMARK [2][-]{subsection.4.1.2}{\376\377\0004\000.\0001\000.\0002\000\040\123\354\126\336\176\323\147\234\153\324\217\203}{section.4.1}% 27
\BOOKMARK [2][-]{subsection.4.1.3}{\376\377\0004\000.\0001\000.\0003\000\040\165\050\000X\000g\000b\000o\000o\000s\000t\217\333\210\114\174\276\143\222}{section.4.1}% 28
\BOOKMARK [1][-]{section.4.2}{\376\377\0004\000.\0002\000\040\142\275\150\067\124\010\164\006\140\047\213\250\213\272}{chapter.4}% 29
\BOOKMARK [2][-]{subsection.4.2.1}{\376\377\0004\000.\0002\000.\0001\000\040\130\236\221\317\133\146\116\140\166\204\124\053\116\111\124\214\162\171\160\271}{section.4.2}% 30
\BOOKMARK [2][-]{subsection.4.2.2}{\376\377\0004\000.\0002\000.\0002\000\040\130\236\221\317\213\255\176\303\166\204\147\011\145\110\140\047}{section.4.2}% 31
\BOOKMARK [2][-]{subsection.4.2.3}{\376\377\0004\000.\0002\000.\0003\000\040\121\150\221\317\145\160\143\156\142\275\150\067\166\204\124\010\164\006\140\047}{section.4.2}% 32
\BOOKMARK [1][-]{section.4.3}{\376\377\0004\000.\0003\000\040\145\160\143\156\172\000\165\217\211\343\121\263}{chapter.4}% 33
\BOOKMARK [2][-]{subsection.4.3.1}{\376\377\0004\000.\0003\000.\0001\000\040\000K\217\321\220\273\130\153\121\105\154\325}{section.4.3}% 34
\BOOKMARK [2][-]{subsection.4.3.2}{\376\377\0004\000.\0003\000.\0002\000\040\127\372\116\216\220\273\127\337\166\204\213\304\122\006\230\204\155\113\154\325}{section.4.3}% 35
\BOOKMARK [1][-]{section.4.4}{\376\377\0004\000.\0004\000\040\226\220\123\315\231\210\162\171\137\201\166\204\122\051\165\050}{chapter.4}% 36
\BOOKMARK [2][-]{subsection.4.4.1}{\376\377\0004\000.\0004\000.\0001\000\040\176\323\124\010\211\302\167\013\226\306\145\160\213\276\177\156\150\067\147\054\150\007\173\176}{section.4.4}% 37
\BOOKMARK [2][-]{subsection.4.4.2}{\376\377\0004\000.\0004\000.\0002\000\040\176\323\124\010\211\302\167\013\162\266\140\001\147\145\213\276\177\156\150\067\147\054\150\007\173\176}{section.4.4}% 38
\BOOKMARK [0][]{chapter*.29}{\376\377\121\150\145\207\140\073\176\323}{}% 39
\BOOKMARK [0][]{chapter*.30}{\376\377\123\302\200\003\145\207\163\056}{}% 40
\BOOKMARK [0][]{appendix.A}{\376\377\226\104\137\125\000\040\000A\000\040\000m\000y\000\137\000s\000t\000a\000t\000u\000s\000=\0002\133\371\136\224\116\015\124\014\226\010\120\074\116\013\166\204\143\250\203\120\176\323\147\234}{}% 41
\BOOKMARK [0][]{appendix*.36}{\376\377\201\364\214\042}{}% 42
