\BOOKMARK [1][-]{section.1}{\376\377\176\352\213\272}{}% 1
\BOOKMARK [2][-]{subsection.1.1}{\376\377\170\024\172\166\200\314\146\157\123\312\141\017\116\111}{section.1}% 2
\BOOKMARK [2][-]{subsection.1.2}{\376\377\126\375\121\205\131\026\170\024\172\166\163\260\162\266}{section.1}% 3
\BOOKMARK [2][-]{subsection.1.3}{\376\377\170\024\172\166\225\356\230\230\116\016\121\205\133\271}{section.1}% 4
\BOOKMARK [2][-]{subsection.1.4}{\376\377\147\054\145\207\166\204\176\304\176\307\176\323\147\204}{section.1}% 5
\BOOKMARK [1][-]{section.2}{\376\377\143\250\203\120\174\373\176\337\116\016\123\117\124\014\217\307\156\344\173\227\154\325\173\200\116\313}{}% 6
\BOOKMARK [2][-]{subsection.2.1}{\376\377\143\250\203\120\174\373\176\337\166\204\127\372\147\054\176\304\142\020}{section.2}% 7
\BOOKMARK [2][-]{subsection.2.2}{\376\377\143\250\203\120\173\227\154\325\166\204\122\006\174\173}{section.2}% 8
\BOOKMARK [3][-]{subsubsection.2.2.1}{\376\377\127\372\116\216\121\205\133\271\166\204\143\250\203\120}{subsection.2.2}% 9
\BOOKMARK [3][-]{subsubsection.2.2.2}{\376\377\127\372\116\216\211\304\122\031\166\204\143\250\203\120}{subsection.2.2}% 10
\BOOKMARK [3][-]{subsubsection.2.2.3}{\376\377\155\367\124\010\143\250\203\120}{subsection.2.2}% 11
\BOOKMARK [2][-]{subsection.2.3}{\376\377\123\117\124\014\217\307\156\344\173\227\154\325}{section.2}% 12
\BOOKMARK [3][-]{subsubsection.2.3.1}{\376\377\127\372\116\216\121\205\133\130\166\204\123\117\124\014\217\307\156\344}{subsection.2.3}% 13
\BOOKMARK [3][-]{subsubsection.2.3.2}{\376\377\127\372\116\216\152\041\127\213\166\204\123\117\124\014\217\307\156\344}{subsection.2.3}% 14
\BOOKMARK [2][-]{subsection.2.4}{\376\377\143\250\203\120\174\373\176\337\166\204\213\304\116\367\143\007\150\007}{section.2}% 15
\BOOKMARK [1][-]{section.3}{\376\377\133\236\232\214\145\160\143\156\116\016\213\276\213\241}{}% 16
\BOOKMARK [2][-]{subsection.3.1}{\376\377\145\160\143\156\226\306\166\204\173\200\116\313\116\016\156\005\164\006}{section.3}% 17
\BOOKMARK [2][-]{subsection.3.2}{\376\377\213\255\176\303\226\306\124\214\155\113\213\325\226\306\166\204\122\022\122\006}{section.3}% 18
\BOOKMARK [2][-]{subsection.3.3}{\376\377\147\204\220\040\153\143\215\037\150\067\147\054}{section.3}% 19
\BOOKMARK [2][-]{subsection.3.4}{\376\377\133\236\232\214\213\276\213\241}{section.3}% 20
\BOOKMARK [1][-]{section.4}{\376\377\133\236\232\214\122\006\147\220}{}% 21
\BOOKMARK [2][-]{subsection.4.1}{\376\377\127\372\147\054\133\236\232\214\176\323\147\234}{section.4}% 22
\BOOKMARK [3][-]{subsubsection.4.1.1}{\376\377\126\333\171\315\123\354\126\336\173\227\154\325}{subsection.4.1}% 23
